2024-12-09T23:35:43.334Z [ERROR]: HttpError is not defined
2024-12-09T23:37:00.807Z [ERROR]: User already exists
2024-12-09T23:39:57.932Z [ERROR]: User already exists
2024-12-09T23:41:55.269Z [ERROR]: User already exists
2024-12-09T23:43:34.093Z [ERROR]: User already exists
2024-12-09T23:47:11.726Z [ERROR]: User already exists
2024-12-09T23:47:24.622Z [ERROR]: User already exists
2024-12-09T23:47:47.856Z [ERROR]: User already exists
2024-12-09T23:48:28.803Z [ERROR]: User already exists
2024-12-12T01:17:29.574Z [ERROR]: Expected ',' or '}' after property value in JSON at position 119 (line 1 column 120)
2024-12-12T01:19:42.011Z [ERROR]: column "user_id" of relation "albums" does not exist
2024-12-12T01:23:41.666Z [ERROR]: moment is not defined
2024-12-12T01:52:29.051Z [ERROR]: Invalid credentials
2024-12-12T01:54:13.001Z [ERROR]: Invalid credentials
2024-12-12T01:54:19.022Z [ERROR]: dateString.split is not a function
2024-12-12T01:56:35.425Z [ERROR]: dateString.split is not a function
2024-12-12T02:01:18.576Z [ERROR]: Invalid time value
2024-12-12T02:01:39.985Z [ERROR]: dateString.split is not a function
2024-12-12T02:02:58.750Z [ERROR]: Invalid time value
2024-12-12T02:15:16.324Z [ERROR]: date is not defined
2024-12-12T02:15:42.081Z [ERROR]: dateStr is not defined
